TERM environment variable not set.

Starting in PAPER mode...
Press Ctrl+C to stop


============================================================
  Starting PAPER Trading - 4 bots
  Pairs: BTCUSDT, ETHUSDT, SOLUSDT, XRPUSDT
  Bots: Bot-20x, Bot-30x, Bot-40x, Bot-50x
  Scan interval: 30s
============================================================

╔══════════════════════════════════════════════════════════════════════════════╗
║   CRYPTO TRADING BOT    Mode: PAPER  |  Cycle: 1  |  Uptime: 0h 0m  |        ║
║ Pairs: 4                                                                     ║
╚══════════════════════════════════════════════════════════════════════════════╝
                           Bot Performance Comparison                           
╭────────┬──────┬──────────┬──────────┬──────┬──────┬─────┬────────┬───┬───────╮
│        │      │          │          │  P&L │      │     │  Win   │   │       │
│ Bot    │ Lev… │  Balance │      P&L │    % │ Tra… │ W/L │  Rate  │ … │ Stat… │
├────────┼──────┼──────────┼──────────┼──────┼──────┼─────┼────────┼───┼───────┤
│ Bot-2… │ 20x  │   $63.28 │    $0.00 │ 0.0% │  0   │ 0/0 │   --   │ 4 │ ACTI… │
│ Bot-3… │ 30x  │   $81.11 │    $0.00 │ 0.0% │  0   │ 0/0 │   --   │ 4 │ ACTI… │
│ Bot-4… │ 40x  │  $102.12 │    $0.00 │ 0.0% │  0   │ 0/0 │   --   │ 4 │ ACTI… │
│ Bot-5… │ 50x  │  $117.95 │    $0.00 │ 0.0% │  0   │ 0/0 │   --   │ 4 │ ACTI… │
╰────────┴──────┴──────────┴──────────┴──────┴──────┴─────┴────────┴───┴───────╯

                                 Recent Trades                                  
                                                                                
  Bot      Symbol     Dir         Entry          Exit        P&L   Reason       
 ────────────────────────────────────────────────────────────────────────────── 
  --       --         --             --            --         --   --           
                                                                                

              Performance by Symbol              
                                                 
  Symbol       Trades    Win Rate           P&L  
 ─────────────────────────────────────────────── 
  BTCUSDT         0         --            $0.00  
  ETHUSDT         0         --            $0.00  
  SOLUSDT         0         --            $0.00  
  XRPUSDT         0         --            $0.00  
                                                 

  TOTALS    P&L: $0.00  |  Trades: 0  |  Overall WR: --
  Press Ctrl+C to stop
TERM environment variable not set.
╔══════════════════════════════════════════════════════════════════════════════╗
║   CRYPTO TRADING BOT    Mode: PAPER  |  Cycle: 2  |  Uptime: 0h 0m  |        ║
║ Pairs: 4                                                                     ║
╚══════════════════════════════════════════════════════════════════════════════╝
                           Bot Performance Comparison                           
╭────────┬──────┬──────────┬──────────┬──────┬──────┬─────┬────────┬───┬───────╮
│        │      │          │          │  P&L │      │     │  Win   │   │       │
│ Bot    │ Lev… │  Balance │      P&L │    % │ Tra… │ W/L │  Rate  │ … │ Stat… │
├────────┼──────┼──────────┼──────────┼──────┼──────┼─────┼────────┼───┼───────┤
│ Bot-2… │ 20x  │   $20.02 │    $0.00 │ 0.0% │  0   │ 0/0 │   --   │ 8 │ ACTI… │
│ Bot-3… │ 30x  │   $32.90 │    $0.00 │ 0.0% │  0   │ 0/0 │   --   │ 8 │ ACTI… │
│ Bot-4… │ 40x  │   $52.14 │    $0.00 │ 0.0% │  0   │ 0/0 │   --   │ 8 │ ACTI… │
│ Bot-5… │ 50x  │   $69.56 │    $0.00 │ 0.0% │  0   │ 0/0 │   --   │ 8 │ ACTI… │
╰────────┴──────┴──────────┴──────────┴──────┴──────┴─────┴────────┴───┴───────╯

                                 Recent Trades                                  
                                                                                
  Bot      Symbol     Dir         Entry          Exit        P&L   Reason       
 ────────────────────────────────────────────────────────────────────────────── 
  --       --         --             --            --         --   --           
                                                                                

              Performance by Symbol              
                                                 
  Symbol       Trades    Win Rate           P&L  
 ─────────────────────────────────────────────── 
  BTCUSDT         0         --            $0.00  
  ETHUSDT         0         --            $0.00  
  SOLUSDT         0         --            $0.00  
  XRPUSDT         0         --            $0.00  
                                                 

  TOTALS    P&L: $0.00  |  Trades: 0  |  Overall WR: --
  Press Ctrl+C to stop
